<?xml version="1.0" encoding="UTF-8"?>
<!-- Generated by org.testng.reporters.JUnitReportReporter -->
<testsuite hostname="DELL-9KC2FL3" failures="0" tests="1" name="com.mystore.testcases.EndToEndTest" time="96.162" errors="0" timestamp="2022-09-16T18:14:52 IST" skipped="0">
  <testcase classname="com.mystore.testcases.EndToEndTest" name="endToEndTest" time="96.162"/>
  <system-out/>
</testsuite> <!-- com.mystore.testcases.EndToEndTest -->
