<?xml version="1.0" encoding="UTF-8"?>
<!-- Generated by org.testng.reporters.JUnitReportReporter -->
<testsuite hostname="DELL-9KC2FL3" failures="0" tests="1" name="com.mystore.testcases.SearchResultPageTest" time="33.492" errors="0" timestamp="2022-09-16T18:14:52 IST" skipped="0">
  <testcase classname="com.mystore.testcases.SearchResultPageTest" name="productAvailablityTest" time="33.492"/>
  <system-out/>
</testsuite> <!-- com.mystore.testcases.SearchResultPageTest -->
