<?xml version="1.0" encoding="UTF-8"?>
<!-- Generated by org.testng.reporters.JUnitReportReporter -->
<testsuite hostname="DELL-9KC2FL3" failures="0" tests="1" name="com.mystore.testcases.OrderPageTest" time="47.425" errors="0" timestamp="2022-09-16T18:14:52 IST" skipped="0">
  <testcase classname="com.mystore.testcases.OrderPageTest" name="verifyTotalPrice" time="47.425"/>
  <system-out/>
</testsuite> <!-- com.mystore.testcases.OrderPageTest -->
