<?xml version="1.0" encoding="UTF-8"?>
<!-- Generated by org.testng.reporters.JUnitReportReporter -->
<testsuite hostname="DELL-9KC2FL3" failures="0" tests="2" name="com.mystore.testcases.IndexPageTest" time="31.843" errors="0" timestamp="2022-09-16T18:14:52 IST" skipped="0">
  <testcase classname="com.mystore.testcases.IndexPageTest" name="verifyTitle" time="19.242"/>
  <system-out/>
  <testcase classname="com.mystore.testcases.IndexPageTest" name="verifyLogo" time="12.601"/>
  <system-out/>
</testsuite> <!-- com.mystore.testcases.IndexPageTest -->
